MyApplication/myTask/build/outputs/logs/manifest-merger-debug-report.txt
-- Merging decision tree log ---
manifest
ADDED from AndroidManifest.xml:2:1
	package
		ADDED from AndroidManifest.xml:3:7
		INJECTED from AndroidManifest.xml:0:0
		INJECTED from AndroidManifest.xml:0:0
	android:versionName
		ADDED from AndroidManifest.xml:5:7
	android:versionCode
		ADDED from AndroidManifest.xml:4:7
		INJECTED from AndroidManifest.xml:0:0
		INJECTED from AndroidManifest.xml:0:0
	xmlns:android
		ADDED from AndroidManifest.xml:2:11
uses-permission#android.permission.READ_PHONE_STATE
ADDED from AndroidManifest.xml:6:5
	android:name
		ADDED from AndroidManifest.xml:6:22
application
ADDED from AndroidManifest.xml:7:5
	android:label
		ADDED from AndroidManifest.xml:7:51
	android:icon
		ADDED from AndroidManifest.xml:7:18
activity#com.alex.media.About
ADDED from AndroidManifest.xml:9:6
	android:theme
		ADDED from AndroidManifest.xml:9:38
	android:name
		ADDED from AndroidManifest.xml:9:16
activity#com.alex.media.helpActivity
ADDED from AndroidManifest.xml:10:6
	android:name
		ADDED from AndroidManifest.xml:10:16
activity#com.alex.media.filespart.fileMng
ADDED from AndroidManifest.xml:12:9
	android:label
		ADDED from AndroidManifest.xml:12:53
	android:name
		ADDED from AndroidManifest.xml:12:19
activity#com.alex.media.pictruepart.picpart
ADDED from AndroidManifest.xml:14:9
	android:name
		ADDED from AndroidManifest.xml:14:19
activity#com.alex.media.pictruepart.picpartFlow
ADDED from AndroidManifest.xml:15:9
	android:name
		ADDED from AndroidManifest.xml:15:19
activity#com.alex.media.ebookpart.ebook
ADDED from AndroidManifest.xml:16:9
	android:name
		ADDED from AndroidManifest.xml:16:19
activity#com.alex.media.ebookpart.localList
ADDED from AndroidManifest.xml:17:10
	android:label
		ADDED from AndroidManifest.xml:17:57
	android:name
		ADDED from AndroidManifest.xml:17:20
activity#com.alex.media.ebookpart.textView
ADDED from AndroidManifest.xml:18:10
	android:screenOrientation
		ADDED from AndroidManifest.xml:19:11
	android:name
		ADDED from AndroidManifest.xml:18:20
activity#com.alex.media.ebookpart.ebookSet
ADDED from AndroidManifest.xml:21:10
	android:name
		ADDED from AndroidManifest.xml:21:20
activity#com.alex.media.ListActivity
ADDED from AndroidManifest.xml:22:8
	android:label
		ADDED from AndroidManifest.xml:22:47
	android:name
		ADDED from AndroidManifest.xml:22:18
activity#com.alex.media.PlayActivity
ADDED from AndroidManifest.xml:24:9
	android:name
		ADDED from AndroidManifest.xml:24:19
activity#com.alex.media.MainActivity
ADDED from AndroidManifest.xml:26:9
	android:name
		ADDED from AndroidManifest.xml:26:19
intent-filter#android.intent.action.MAIN+android.intent.category.LAUNCHER
ADDED from AndroidManifest.xml:27:10
action#android.intent.action.MAIN
ADDED from AndroidManifest.xml:28:17
	android:name
		ADDED from AndroidManifest.xml:28:25
category#android.intent.category.LAUNCHER
ADDED from AndroidManifest.xml:29:17
	android:name
		ADDED from AndroidManifest.xml:29:27
activity#com.alex.media.MusicActivity
ADDED from AndroidManifest.xml:33:9
	android:name
		ADDED from AndroidManifest.xml:33:19
activity#com.alex.media.TestMain
ADDED from AndroidManifest.xml:35:9
	android:name
		ADDED from AndroidManifest.xml:35:19
activity#com.alex.media.ArtistList
ADDED from AndroidManifest.xml:37:7
	android:name
		ADDED from AndroidManifest.xml:37:17
activity#com.alex.media.ArtistActivity
ADDED from AndroidManifest.xml:39:9
	android:name
		ADDED from AndroidManifest.xml:39:19
activity#com.alex.media.AlbumList
ADDED from AndroidManifest.xml:41:9
	android:name
		ADDED from AndroidManifest.xml:41:19
activity#com.alex.media.AlbumActivity
ADDED from AndroidManifest.xml:43:9
	android:name
		ADDED from AndroidManifest.xml:43:19
service#com.alex.media.MusicService
ADDED from AndroidManifest.xml:46:9
	android:name
		ADDED from AndroidManifest.xml:46:18
intent-filter#com.alex.media.MUSIC_SERVICE
ADDED from AndroidManifest.xml:47:10
action#com.alex.media.MUSIC_SERVICE
ADDED from AndroidManifest.xml:48:11
	android:name
		ADDED from AndroidManifest.xml:48:19
uses-sdk
ADDED from AndroidManifest.xml:54:5
	android:targetSdkVersion
		INJECTED from AndroidManifest.xml:0:0
		INJECTED from AndroidManifest.xml:0:0
	android:minSdkVersion
		ADDED from AndroidManifest.xml:54:15
		INJECTED from AndroidManifest.xml:0:0
		INJECTED from AndroidManifest.xml:0:0
uses-permission#android.permission.WRITE_EXTERNAL_STORAGE
ADDED from AndroidManifest.xml:55:6
	android:name
		ADDED from AndroidManifest.xml:55:23
uses-permission#android.permission.WRITE_OWNER_DATA
ADDED from AndroidManifest.xml:56:7
	android:name
		ADDED from AndroidManifest.xml:56:24
uses-permission#android.permission.MOUNT_UNMOUNT_FILESYSTEMS
ADDED from AndroidManifest.xml:57:5
	android:name
		ADDED from AndroidManifest.xml:57:22
uses-permission#android.permission.ACCESS_WIFI_STATE
ADDED from AndroidManifest.xml:59:6
	android:name
		ADDED from AndroidManifest.xml:59:23
uses-permission#android.permission.CHANGE_WIFI_STATE
ADDED from AndroidManifest.xml:60:2
	android:name
		ADDED from AndroidManifest.xml:60:19
uses-permission#android.permission.ACCESS_NETWORK_STATE
ADDED from AndroidManifest.xml:61:2
	android:name
		ADDED from AndroidManifest.xml:61:19
uses-permission#android.permission.BATTERY_STATS
ADDED from AndroidManifest.xml:62:2
	android:name
		ADDED from AndroidManifest.xml:62:19
uses-permission#android.permission.DEVICE_POWER
ADDED from AndroidManifest.xml:63:2
	android:name
		ADDED from AndroidManifest.xml:63:19
uses-permission#android.permission.SET_DEBUG_APP
ADDED from AndroidManifest.xml:64:2
	android:name
		ADDED from AndroidManifest.xml:64:19
uses-permission#android.permission.CHANGE_CONFIGURATION
ADDED from AndroidManifest.xml:67:2
	android:name
		ADDED from AndroidManifest.xml:67:19
uses-permission#android.permission.WRITE_SETTINGS
ADDED from AndroidManifest.xml:68:2
	android:name
		ADDED from AndroidManifest.xml:68:19
uses-permission#android.permission.ACCESS_FINE_LOCATION
ADDED from AndroidManifest.xml:71:2
	android:name
		ADDED from AndroidManifest.xml:71:19